2022-09-17 14:59:09,846 INFO: => creating model 
2022-09-17 14:59:15,686 INFO: cls num list:
2022-09-17 14:59:15,686 INFO: [9000, 5395, 3234, 1938, 1162, 696, 417, 250, 150, 90]
2022-09-17 14:59:24,540 INFO: Epoch: [0][0/175], lr: 0.00200	Time 8.830 (8.830)	Data 8.536 (8.536)	Loss 6.2590 (6.2590)	Prec@1 10.156 (10.156)	
2022-09-17 14:59:30,368 INFO: Epoch: [0][10/175], lr: 0.00200	Time 0.865 (1.333)	Data 0.812 (1.273)	Loss 3.0875 (3.7082)	Prec@1 11.719 (12.216)	
2022-09-17 14:59:34,805 INFO: Epoch: [0][20/175], lr: 0.00200	Time 0.057 (0.910)	Data 0.001 (0.862)	Loss 2.1580 (3.1543)	Prec@1 17.188 (13.616)	
2022-09-17 14:59:37,032 INFO: Epoch: [0][30/175], lr: 0.00200	Time 0.033 (0.688)	Data 0.003 (0.645)	Loss 2.4533 (2.9201)	Prec@1 13.281 (13.634)	
2022-09-17 14:59:40,656 INFO: Epoch: [0][40/175], lr: 0.00200	Time 0.028 (0.609)	Data 0.003 (0.568)	Loss 2.0636 (2.7543)	Prec@1 16.406 (13.853)	
2022-09-17 14:59:43,893 INFO: Epoch: [0][50/175], lr: 0.00200	Time 1.423 (0.553)	Data 1.397 (0.513)	Loss 2.0498 (2.6428)	Prec@1 16.406 (14.124)	
2022-09-17 14:59:45,807 INFO: Epoch: [0][60/175], lr: 0.00200	Time 0.059 (0.494)	Data 0.001 (0.455)	Loss 2.0893 (2.5614)	Prec@1 15.625 (14.613)	
2022-09-17 14:59:47,142 INFO: Epoch: [0][70/175], lr: 0.00200	Time 0.034 (0.443)	Data 0.001 (0.406)	Loss 2.0428 (2.4959)	Prec@1 19.531 (14.657)	
2022-09-17 14:59:49,541 INFO: Epoch: [0][80/175], lr: 0.00200	Time 0.031 (0.418)	Data 0.001 (0.381)	Loss 2.0652 (2.4411)	Prec@1 17.188 (15.143)	
2022-09-17 14:59:51,090 INFO: Epoch: [0][90/175], lr: 0.00200	Time 0.034 (0.389)	Data 0.004 (0.353)	Loss 1.9000 (2.4003)	Prec@1 21.094 (15.359)	
2022-09-17 14:59:53,249 INFO: Epoch: [0][100/175], lr: 0.00200	Time 0.265 (0.372)	Data 0.238 (0.336)	Loss 1.9250 (2.3653)	Prec@1 24.219 (15.594)	
2022-09-17 14:59:54,614 INFO: Epoch: [0][110/175], lr: 0.00200	Time 0.034 (0.351)	Data 0.001 (0.315)	Loss 1.9159 (2.3304)	Prec@1 17.188 (15.963)	
2022-09-17 14:59:56,876 INFO: Epoch: [0][120/175], lr: 0.00200	Time 0.038 (0.340)	Data 0.002 (0.304)	Loss 1.9627 (2.3036)	Prec@1 18.750 (16.058)	
2022-09-17 14:59:57,962 INFO: Epoch: [0][130/175], lr: 0.00200	Time 0.029 (0.323)	Data 0.001 (0.287)	Loss 2.1099 (2.2813)	Prec@1 17.188 (16.066)	
2022-09-17 14:59:59,599 INFO: Epoch: [0][140/175], lr: 0.00200	Time 0.034 (0.311)	Data 0.002 (0.276)	Loss 2.0625 (2.2643)	Prec@1 11.719 (16.279)	
2022-09-17 15:00:00,964 INFO: Epoch: [0][150/175], lr: 0.00200	Time 0.034 (0.300)	Data 0.002 (0.265)	Loss 1.8953 (2.2450)	Prec@1 23.438 (16.572)	
2022-09-17 15:00:02,256 INFO: Epoch: [0][160/175], lr: 0.00200	Time 0.031 (0.289)	Data 0.007 (0.255)	Loss 1.8922 (2.2290)	Prec@1 20.312 (16.663)	
2022-09-17 15:00:02,626 INFO: Epoch: [0][170/175], lr: 0.00200	Time 0.030 (0.274)	Data 0.001 (0.240)	Loss 1.9034 (2.2068)	Prec@1 21.875 (16.849)	
2022-09-17 15:00:07,711 INFO: Test: [0/900]	Time 4.824 (4.824)	Loss 1.7249 (1.7249)	Prec@1 40.000 (40.000)	Prec@5 93.000 (93.000)
2022-09-17 15:00:11,204 INFO: Test: [10/900]	Time 0.139 (0.756)	Loss 1.6397 (1.8104)	Prec@1 35.000 (32.091)	Prec@5 91.000 (85.909)
2022-09-17 15:00:15,951 INFO: Test: [20/900]	Time 0.007 (0.622)	Loss 1.8218 (1.8283)	Prec@1 37.000 (32.000)	Prec@5 83.000 (85.381)
