2022-09-18 17:10:25,190 INFO: => creating model 
2022-09-18 17:10:32,037 INFO: cls num list:
2022-09-18 17:10:32,038 INFO: [5000, 2997, 1796, 1077, 645, 387, 232, 139, 83, 50]
2022-09-18 17:10:32,771 INFO: Epoch: [0][0/97], lr: 0.00200	Time 0.715 (0.715)	Data 0.465 (0.465)	Loss 6.3809 (6.3809)	Prec@1 0.781 (0.781)	
2022-09-18 17:10:33,177 INFO: Epoch: [0][10/97], lr: 0.00200	Time 0.035 (0.102)	Data 0.003 (0.045)	Loss 1.7840 (2.9349)	Prec@1 41.406 (22.514)	
2022-09-18 17:10:33,553 INFO: Epoch: [0][20/97], lr: 0.00200	Time 0.031 (0.072)	Data 0.003 (0.025)	Loss 1.7147 (2.5970)	Prec@1 37.500 (30.506)	
2022-09-18 17:10:33,924 INFO: Epoch: [0][30/97], lr: 0.00200	Time 0.058 (0.061)	Data 0.002 (0.018)	Loss 1.4032 (2.4262)	Prec@1 50.781 (33.745)	
2022-09-18 17:10:34,255 INFO: Epoch: [0][40/97], lr: 0.00200	Time 0.034 (0.054)	Data 0.002 (0.014)	Loss 1.6480 (2.3980)	Prec@1 50.781 (32.622)	
2022-09-18 17:10:34,628 INFO: Epoch: [0][50/97], lr: 0.00200	Time 0.034 (0.051)	Data 0.002 (0.012)	Loss 1.5071 (2.3377)	Prec@1 50.000 (32.874)	
2022-09-18 17:10:35,024 INFO: Epoch: [0][60/97], lr: 0.00200	Time 0.033 (0.049)	Data 0.002 (0.010)	Loss 1.4823 (2.2531)	Prec@1 42.969 (33.888)	
2022-09-18 17:10:35,403 INFO: Epoch: [0][70/97], lr: 0.00200	Time 0.070 (0.047)	Data 0.004 (0.009)	Loss 2.3080 (2.1779)	Prec@1 22.656 (34.958)	
2022-09-18 17:10:35,757 INFO: Epoch: [0][80/97], lr: 0.00200	Time 0.040 (0.046)	Data 0.003 (0.009)	Loss 1.4680 (2.1115)	Prec@1 52.344 (36.063)	
2022-09-18 17:10:36,132 INFO: Epoch: [0][90/97], lr: 0.00200	Time 0.034 (0.045)	Data 0.002 (0.008)	Loss 1.4149 (2.0690)	Prec@1 56.250 (36.908)	
2022-09-18 17:10:36,677 INFO: Test: [0/100]	Time 0.225 (0.225)	Loss 2.3282 (2.3282)	Prec@1 18.000 (18.000)	Prec@5 73.000 (73.000)
2022-09-18 17:10:36,777 INFO: Test: [10/100]	Time 0.010 (0.030)	Loss 2.3049 (2.3636)	Prec@1 18.000 (19.727)	Prec@5 80.000 (76.000)
2022-09-18 17:10:36,883 INFO: Test: [20/100]	Time 0.007 (0.021)	Loss 2.2160 (2.3502)	Prec@1 29.000 (21.190)	Prec@5 73.000 (74.476)
2022-09-18 17:10:36,965 INFO: Test: [30/100]	Time 0.010 (0.017)	Loss 2.0944 (2.3226)	Prec@1 30.000 (21.484)	Prec@5 81.000 (75.581)
2022-09-18 17:10:37,040 INFO: Test: [40/100]	Time 0.008 (0.014)	Loss 2.3857 (2.3400)	Prec@1 19.000 (21.171)	Prec@5 75.000 (75.098)
2022-09-18 17:10:37,116 INFO: Test: [50/100]	Time 0.009 (0.013)	Loss 2.2553 (2.3373)	Prec@1 21.000 (21.176)	Prec@5 75.000 (74.588)
2022-09-18 17:10:37,188 INFO: Test: [60/100]	Time 0.007 (0.012)	Loss 2.0806 (2.3329)	Prec@1 26.000 (21.066)	Prec@5 83.000 (74.492)
2022-09-18 17:10:37,262 INFO: Test: [70/100]	Time 0.008 (0.011)	Loss 2.1347 (2.3339)	Prec@1 19.000 (20.620)	Prec@5 74.000 (74.028)
2022-09-18 17:10:37,336 INFO: Test: [80/100]	Time 0.008 (0.011)	Loss 2.2558 (2.3388)	Prec@1 21.000 (20.457)	Prec@5 72.000 (73.815)
2022-09-18 17:10:37,412 INFO: Test: [90/100]	Time 0.007 (0.011)	Loss 2.1704 (2.3312)	Prec@1 23.000 (20.703)	Prec@5 76.000 (73.956)
2022-09-18 17:10:37,527 INFO: val Results: Prec@1 20.840 Prec@5 73.890 Loss 2.32760
2022-09-18 17:10:37,528 INFO: val Class Accuracy: [0.523,0.882,0.589,0.002,0.000,0.000,0.000,0.002,0.086,0.000]
2022-09-18 17:10:37,528 INFO: Best Prec@1: 20.840

2022-09-18 17:10:37,984 INFO: Epoch: [1][0/97], lr: 0.00400	Time 0.449 (0.449)	Data 0.406 (0.406)	Loss 2.1671 (2.1671)	Prec@1 25.000 (25.000)	
2022-09-18 17:10:38,349 INFO: Epoch: [1][10/97], lr: 0.00400	Time 0.047 (0.074)	Data 0.001 (0.040)	Loss 2.1227 (1.8916)	Prec@1 20.312 (33.239)	
2022-09-18 17:10:38,700 INFO: Epoch: [1][20/97], lr: 0.00400	Time 0.033 (0.055)	Data 0.002 (0.022)	Loss 1.9291 (1.8357)	Prec@1 32.031 (35.454)	
2022-09-18 17:10:39,065 INFO: Epoch: [1][30/97], lr: 0.00400	Time 0.032 (0.049)	Data 0.002 (0.016)	Loss 1.8224 (1.8507)	Prec@1 34.375 (33.291)	
2022-09-18 17:10:39,424 INFO: Epoch: [1][40/97], lr: 0.00400	Time 0.046 (0.046)	Data 0.002 (0.012)	Loss 2.0937 (1.8669)	Prec@1 20.312 (33.270)	
2022-09-18 17:10:39,757 INFO: Epoch: [1][50/97], lr: 0.00400	Time 0.034 (0.044)	Data 0.002 (0.010)	Loss 2.3755 (1.8295)	Prec@1 19.531 (35.003)	
2022-09-18 17:10:40,117 INFO: Epoch: [1][60/97], lr: 0.00400	Time 0.031 (0.042)	Data 0.002 (0.009)	Loss 1.2893 (1.7510)	Prec@1 59.375 (38.025)	
2022-09-18 17:10:40,477 INFO: Epoch: [1][70/97], lr: 0.00400	Time 0.031 (0.041)	Data 0.002 (0.008)	Loss 1.8850 (1.7359)	Prec@1 30.469 (38.226)	
2022-09-18 17:10:40,809 INFO: Epoch: [1][80/97], lr: 0.00400	Time 0.032 (0.040)	Data 0.003 (0.008)	Loss 2.3917 (1.7100)	Prec@1 17.969 (39.101)	
2022-09-18 17:10:41,167 INFO: Epoch: [1][90/97], lr: 0.00400	Time 0.029 (0.040)	Data 0.002 (0.007)	Loss 1.5061 (1.7159)	Prec@1 52.344 (38.513)	
2022-09-18 17:10:41,741 INFO: Test: [0/100]	Time 0.266 (0.266)	Loss 2.3966 (2.3966)	Prec@1 19.000 (19.000)	Prec@5 75.000 (75.000)
2022-09-18 17:10:41,816 INFO: Test: [10/100]	Time 0.007 (0.031)	Loss 2.3752 (2.3235)	Prec@1 26.000 (23.182)	Prec@5 77.000 (75.091)
2022-09-18 17:10:41,893 INFO: Test: [20/100]	Time 0.008 (0.020)	Loss 2.2687 (2.3093)	Prec@1 19.000 (22.762)	Prec@5 80.000 (76.333)
2022-09-18 17:10:41,967 INFO: Test: [30/100]	Time 0.007 (0.016)	Loss 2.1047 (2.2810)	Prec@1 28.000 (23.387)	Prec@5 83.000 (76.645)
2022-09-18 17:10:42,039 INFO: Test: [40/100]	Time 0.007 (0.014)	Loss 2.2754 (2.2802)	Prec@1 26.000 (23.220)	Prec@5 80.000 (76.268)
2022-09-18 17:10:42,111 INFO: Test: [50/100]	Time 0.007 (0.012)	Loss 2.3917 (2.2864)	Prec@1 18.000 (22.863)	Prec@5 70.000 (76.235)
2022-09-18 17:10:42,181 INFO: Test: [60/100]	Time 0.007 (0.012)	Loss 2.3732 (2.2863)	Prec@1 19.000 (22.787)	Prec@5 75.000 (76.131)
2022-09-18 17:10:42,249 INFO: Test: [70/100]	Time 0.007 (0.011)	Loss 2.2453 (2.2885)	Prec@1 25.000 (22.704)	Prec@5 83.000 (76.338)
2022-09-18 17:10:42,313 INFO: Test: [80/100]	Time 0.006 (0.010)	Loss 2.3030 (2.2915)	Prec@1 20.000 (22.704)	Prec@5 72.000 (76.160)
2022-09-18 17:10:42,381 INFO: Test: [90/100]	Time 0.006 (0.010)	Loss 2.3063 (2.2932)	Prec@1 23.000 (22.637)	Prec@5 77.000 (76.000)
2022-09-18 17:10:42,501 INFO: val Results: Prec@1 22.660 Prec@5 75.990 Loss 2.29528
2022-09-18 17:10:42,501 INFO: val Class Accuracy: [0.792,0.887,0.565,0.022,0.000,0.000,0.000,0.000,0.000,0.000]
2022-09-18 17:10:42,501 INFO: Best Prec@1: 22.660

2022-09-18 17:10:42,939 INFO: Epoch: [2][0/97], lr: 0.00600	Time 0.428 (0.428)	Data 0.391 (0.391)	Loss 1.2980 (1.2980)	Prec@1 53.125 (53.125)	
2022-09-18 17:10:43,274 INFO: Epoch: [2][10/97], lr: 0.00600	Time 0.033 (0.069)	Data 0.002 (0.038)	Loss 1.3636 (1.6082)	Prec@1 57.812 (44.105)	
2022-09-18 17:10:43,635 INFO: Epoch: [2][20/97], lr: 0.00600	Time 0.033 (0.054)	Data 0.002 (0.021)	Loss 1.3992 (1.6404)	Prec@1 50.000 (42.857)	
2022-09-18 17:10:43,990 INFO: Epoch: [2][30/97], lr: 0.00600	Time 0.034 (0.048)	Data 0.002 (0.015)	Loss 1.2254 (1.5734)	Prec@1 57.812 (44.506)	
2022-09-18 17:10:44,320 INFO: Epoch: [2][40/97], lr: 0.00600	Time 0.033 (0.044)	Data 0.002 (0.012)	Loss 1.6002 (1.5388)	Prec@1 39.062 (46.399)	
2022-09-18 17:10:44,663 INFO: Epoch: [2][50/97], lr: 0.00600	Time 0.029 (0.042)	Data 0.002 (0.010)	Loss 2.3697 (1.5560)	Prec@1 13.281 (45.251)	
2022-09-18 17:10:45,029 INFO: Epoch: [2][60/97], lr: 0.00600	Time 0.031 (0.041)	Data 0.002 (0.009)	Loss 1.9567 (1.5850)	Prec@1 19.531 (43.968)	
2022-09-18 17:10:45,374 INFO: Epoch: [2][70/97], lr: 0.00600	Time 0.053 (0.040)	Data 0.002 (0.008)	Loss 1.3142 (1.5717)	Prec@1 60.938 (44.575)	
2022-09-18 17:10:45,725 INFO: Epoch: [2][80/97], lr: 0.00600	Time 0.033 (0.040)	Data 0.003 (0.008)	Loss 1.3381 (1.5613)	Prec@1 54.688 (44.965)	
2022-09-18 17:10:46,095 INFO: Epoch: [2][90/97], lr: 0.00600	Time 0.033 (0.039)	Data 0.002 (0.007)	Loss 1.0454 (1.5702)	Prec@1 72.656 (44.772)	
2022-09-18 17:10:46,654 INFO: Test: [0/100]	Time 0.247 (0.247)	Loss 2.1064 (2.1064)	Prec@1 25.000 (25.000)	Prec@5 80.000 (80.000)
2022-09-18 17:10:46,740 INFO: Test: [10/100]	Time 0.007 (0.030)	Loss 1.9437 (1.9615)	Prec@1 26.000 (26.364)	Prec@5 85.000 (81.182)
2022-09-18 17:10:46,809 INFO: Test: [20/100]	Time 0.008 (0.019)	Loss 1.8989 (1.9767)	Prec@1 26.000 (25.524)	Prec@5 86.000 (82.143)
2022-09-18 17:10:46,886 INFO: Test: [30/100]	Time 0.008 (0.015)	Loss 1.9227 (1.9764)	Prec@1 30.000 (25.226)	Prec@5 87.000 (82.774)
2022-09-18 17:10:46,960 INFO: Test: [40/100]	Time 0.007 (0.013)	Loss 2.0687 (1.9787)	Prec@1 19.000 (24.927)	Prec@5 84.000 (82.805)
2022-09-18 17:10:47,025 INFO: Test: [50/100]	Time 0.006 (0.012)	Loss 2.0402 (1.9916)	Prec@1 32.000 (24.392)	Prec@5 83.000 (83.039)
2022-09-18 17:10:47,090 INFO: Test: [60/100]	Time 0.006 (0.011)	Loss 1.9318 (1.9794)	Prec@1 21.000 (24.623)	Prec@5 91.000 (83.164)
2022-09-18 17:10:47,156 INFO: Test: [70/100]	Time 0.006 (0.011)	Loss 2.0586 (1.9751)	Prec@1 17.000 (24.690)	Prec@5 83.000 (83.380)
2022-09-18 17:10:47,221 INFO: Test: [80/100]	Time 0.007 (0.010)	Loss 1.9993 (1.9749)	Prec@1 25.000 (24.667)	Prec@5 83.000 (83.346)
2022-09-18 17:10:47,283 INFO: Test: [90/100]	Time 0.006 (0.010)	Loss 1.9406 (1.9757)	Prec@1 24.000 (24.681)	Prec@5 83.000 (83.308)
2022-09-18 17:10:47,413 INFO: val Results: Prec@1 24.620 Prec@5 83.300 Loss 1.97583
2022-09-18 17:10:47,413 INFO: val Class Accuracy: [0.857,0.774,0.572,0.160,0.000,0.086,0.000,0.000,0.013,0.000]
2022-09-18 17:10:47,413 INFO: Best Prec@1: 24.620

2022-09-18 17:10:47,917 INFO: Epoch: [3][0/97], lr: 0.00800	Time 0.500 (0.500)	Data 0.441 (0.441)	Loss 1.4992 (1.4992)	Prec@1 55.469 (55.469)	
