2022-09-17 14:22:46,479 INFO: => creating model 
2022-09-17 14:22:54,662 INFO: cls num list:
2022-09-17 14:22:54,662 INFO: [5000, 2997, 1796, 1077, 645, 387, 232, 139, 83, 50]
2022-09-17 14:22:56,045 INFO: Epoch: [0][0/97], lr: 0.00200	Time 1.364 (1.364)	Data 0.482 (0.482)	Loss 6.2987 (6.2987)	Prec@1 13.281 (13.281)	
2022-09-17 14:22:56,447 INFO: Epoch: [0][10/97], lr: 0.00200	Time 0.033 (0.161)	Data 0.001 (0.047)	Loss 3.1020 (3.6962)	Prec@1 15.625 (11.222)	
2022-09-17 14:22:56,810 INFO: Epoch: [0][20/97], lr: 0.00200	Time 0.029 (0.101)	Data 0.004 (0.026)	Loss 2.2798 (3.2058)	Prec@1 14.844 (12.016)	
2022-09-17 14:22:57,185 INFO: Epoch: [0][30/97], lr: 0.00200	Time 0.038 (0.081)	Data 0.003 (0.019)	Loss 2.1391 (2.9131)	Prec@1 14.062 (13.080)	
2022-09-17 14:22:57,612 INFO: Epoch: [0][40/97], lr: 0.00200	Time 0.034 (0.072)	Data 0.003 (0.016)	Loss 1.9887 (2.7218)	Prec@1 23.438 (13.739)	
2022-09-17 14:22:58,020 INFO: Epoch: [0][50/97], lr: 0.00200	Time 0.030 (0.066)	Data 0.003 (0.013)	Loss 1.9502 (2.5958)	Prec@1 14.844 (13.787)	
2022-09-17 14:22:58,455 INFO: Epoch: [0][60/97], lr: 0.00200	Time 0.044 (0.062)	Data 0.004 (0.012)	Loss 1.8803 (2.4979)	Prec@1 21.094 (14.677)	
2022-09-17 14:22:58,871 INFO: Epoch: [0][70/97], lr: 0.00200	Time 0.038 (0.059)	Data 0.003 (0.011)	Loss 1.8112 (2.4218)	Prec@1 16.406 (15.240)	
2022-09-17 14:22:59,248 INFO: Epoch: [0][80/97], lr: 0.00200	Time 0.059 (0.056)	Data 0.008 (0.010)	Loss 1.9718 (2.3664)	Prec@1 19.531 (15.828)	
2022-09-17 14:22:59,617 INFO: Epoch: [0][90/97], lr: 0.00200	Time 0.036 (0.054)	Data 0.003 (0.009)	Loss 1.9067 (2.3244)	Prec@1 16.406 (15.968)	
2022-09-17 14:23:00,285 INFO: Test: [0/100]	Time 0.330 (0.330)	Loss 1.8204 (1.8204)	Prec@1 33.000 (33.000)	Prec@5 85.000 (85.000)
2022-09-17 14:23:00,359 INFO: Test: [10/100]	Time 0.008 (0.037)	Loss 1.7883 (1.7500)	Prec@1 31.000 (35.455)	Prec@5 83.000 (85.000)
2022-09-17 14:23:00,428 INFO: Test: [20/100]	Time 0.007 (0.023)	Loss 1.8077 (1.7636)	Prec@1 23.000 (34.238)	Prec@5 85.000 (85.048)
2022-09-17 14:23:00,498 INFO: Test: [30/100]	Time 0.007 (0.018)	Loss 1.8838 (1.7691)	Prec@1 26.000 (33.968)	Prec@5 82.000 (85.194)
2022-09-17 14:23:00,567 INFO: Test: [40/100]	Time 0.007 (0.015)	Loss 1.7001 (1.7712)	Prec@1 31.000 (33.610)	Prec@5 86.000 (85.512)
2022-09-17 14:23:00,637 INFO: Test: [50/100]	Time 0.007 (0.013)	Loss 1.7767 (1.7700)	Prec@1 34.000 (33.451)	Prec@5 90.000 (85.647)
2022-09-17 14:23:00,727 INFO: Test: [60/100]	Time 0.014 (0.013)	Loss 1.7693 (1.7658)	Prec@1 37.000 (33.607)	Prec@5 85.000 (85.951)
2022-09-17 14:23:00,819 INFO: Test: [70/100]	Time 0.006 (0.012)	Loss 1.7655 (1.7715)	Prec@1 33.000 (33.901)	Prec@5 87.000 (85.817)
2022-09-17 14:23:00,882 INFO: Test: [80/100]	Time 0.006 (0.011)	Loss 1.8982 (1.7772)	Prec@1 29.000 (33.827)	Prec@5 80.000 (85.704)
2022-09-17 14:23:00,945 INFO: Test: [90/100]	Time 0.006 (0.011)	Loss 1.7674 (1.7783)	Prec@1 30.000 (33.846)	Prec@5 87.000 (85.626)
2022-09-17 14:23:01,059 INFO: val Results: Prec@1 33.870 Prec@5 85.750 Loss 1.77746
2022-09-17 14:23:01,059 INFO: val Class Accuracy: [0.252,0.508,0.290,0.266,0.283,0.022,0.556,0.397,0.598,0.215]
2022-09-17 14:23:01,060 INFO: Best Prec@1: 33.870

2022-09-17 14:23:01,487 INFO: Epoch: [1][0/97], lr: 0.00400	Time 0.413 (0.413)	Data 0.382 (0.382)	Loss 2.1537 (2.1537)	Prec@1 11.719 (11.719)	
2022-09-17 14:23:01,887 INFO: Epoch: [1][10/97], lr: 0.00400	Time 0.035 (0.074)	Data 0.001 (0.041)	Loss 2.1142 (2.0226)	Prec@1 13.281 (16.619)	
2022-09-17 14:23:02,239 INFO: Epoch: [1][20/97], lr: 0.00400	Time 0.061 (0.056)	Data 0.003 (0.023)	Loss 2.0755 (1.9893)	Prec@1 15.625 (18.638)	
2022-09-17 14:23:02,595 INFO: Epoch: [1][30/97], lr: 0.00400	Time 0.030 (0.049)	Data 0.004 (0.017)	Loss 2.1589 (2.0051)	Prec@1 13.281 (18.019)	
2022-09-17 14:23:02,979 INFO: Epoch: [1][40/97], lr: 0.00400	Time 0.031 (0.046)	Data 0.004 (0.014)	Loss 2.0460 (1.9988)	Prec@1 12.500 (17.645)	
2022-09-17 14:23:03,362 INFO: Epoch: [1][50/97], lr: 0.00400	Time 0.035 (0.045)	Data 0.003 (0.012)	Loss 2.0992 (1.9952)	Prec@1 13.281 (17.938)	
2022-09-17 14:23:03,709 INFO: Epoch: [1][60/97], lr: 0.00400	Time 0.056 (0.043)	Data 0.003 (0.011)	Loss 1.5896 (1.9614)	Prec@1 24.219 (18.212)	
2022-09-17 14:23:04,088 INFO: Epoch: [1][70/97], lr: 0.00400	Time 0.039 (0.043)	Data 0.004 (0.010)	Loss 2.0997 (1.9625)	Prec@1 16.406 (18.343)	
2022-09-17 14:23:04,493 INFO: Epoch: [1][80/97], lr: 0.00400	Time 0.036 (0.042)	Data 0.004 (0.009)	Loss 2.0712 (1.9501)	Prec@1 8.594 (18.248)	
2022-09-17 14:23:04,884 INFO: Epoch: [1][90/97], lr: 0.00400	Time 0.033 (0.042)	Data 0.003 (0.009)	Loss 1.5716 (1.9440)	Prec@1 20.312 (18.209)	
2022-09-17 14:23:05,429 INFO: Test: [0/100]	Time 0.267 (0.267)	Loss 1.6552 (1.6552)	Prec@1 35.000 (35.000)	Prec@5 89.000 (89.000)
2022-09-17 14:23:05,499 INFO: Test: [10/100]	Time 0.006 (0.031)	Loss 1.7542 (1.6683)	Prec@1 28.000 (37.455)	Prec@5 90.000 (89.273)
2022-09-17 14:23:05,564 INFO: Test: [20/100]	Time 0.006 (0.019)	Loss 1.7120 (1.6686)	Prec@1 32.000 (36.667)	Prec@5 90.000 (89.333)
2022-09-17 14:23:05,630 INFO: Test: [30/100]	Time 0.006 (0.015)	Loss 1.7328 (1.6827)	Prec@1 36.000 (36.613)	Prec@5 88.000 (88.839)
2022-09-17 14:23:05,718 INFO: Test: [40/100]	Time 0.015 (0.014)	Loss 1.7043 (1.6837)	Prec@1 38.000 (37.146)	Prec@5 91.000 (88.805)
2022-09-17 14:23:05,814 INFO: Test: [50/100]	Time 0.006 (0.013)	Loss 1.8046 (1.6913)	Prec@1 32.000 (36.765)	Prec@5 82.000 (88.216)
2022-09-17 14:23:05,880 INFO: Test: [60/100]	Time 0.006 (0.012)	Loss 1.4434 (1.6926)	Prec@1 44.000 (36.705)	Prec@5 94.000 (88.213)
2022-09-17 14:23:05,944 INFO: Test: [70/100]	Time 0.006 (0.011)	Loss 1.5757 (1.6867)	Prec@1 41.000 (36.831)	Prec@5 89.000 (88.394)
2022-09-17 14:23:06,008 INFO: Test: [80/100]	Time 0.006 (0.010)	Loss 1.7148 (1.6849)	Prec@1 42.000 (37.210)	Prec@5 90.000 (88.370)
2022-09-17 14:23:06,072 INFO: Test: [90/100]	Time 0.006 (0.010)	Loss 1.7739 (1.6829)	Prec@1 34.000 (37.516)	Prec@5 85.000 (88.418)
2022-09-17 14:23:06,180 INFO: val Results: Prec@1 37.370 Prec@5 88.350 Loss 1.68594
2022-09-17 14:23:06,181 INFO: val Class Accuracy: [0.242,0.456,0.509,0.005,0.021,0.450,0.669,0.444,0.430,0.511]
2022-09-17 14:23:06,181 INFO: Best Prec@1: 37.370

2022-09-17 14:23:06,646 INFO: Epoch: [2][0/97], lr: 0.00600	Time 0.454 (0.454)	Data 0.417 (0.417)	Loss 1.5601 (1.5601)	Prec@1 20.312 (20.312)	
2022-09-17 14:23:07,053 INFO: Epoch: [2][10/97], lr: 0.00600	Time 0.034 (0.078)	Data 0.001 (0.041)	Loss 1.7724 (1.7996)	Prec@1 21.875 (20.810)	
2022-09-17 14:23:07,449 INFO: Epoch: [2][20/97], lr: 0.00600	Time 0.034 (0.060)	Data 0.003 (0.023)	Loss 1.7043 (1.8563)	Prec@1 18.750 (19.717)	
2022-09-17 14:23:07,859 INFO: Epoch: [2][30/97], lr: 0.00600	Time 0.032 (0.054)	Data 0.003 (0.018)	Loss 1.6092 (1.8315)	Prec@1 26.562 (20.237)	
2022-09-17 14:23:08,202 INFO: Epoch: [2][40/97], lr: 0.00600	Time 0.045 (0.049)	Data 0.004 (0.014)	Loss 1.8991 (1.7891)	Prec@1 28.906 (20.751)	
2022-09-17 14:23:08,575 INFO: Epoch: [2][50/97], lr: 0.00600	Time 0.035 (0.047)	Data 0.003 (0.012)	Loss 1.8966 (1.8069)	Prec@1 17.969 (20.343)	
2022-09-17 14:23:08,937 INFO: Epoch: [2][60/97], lr: 0.00600	Time 0.036 (0.045)	Data 0.003 (0.011)	Loss 2.1388 (1.8042)	Prec@1 21.875 (20.607)	
2022-09-17 14:23:09,353 INFO: Epoch: [2][70/97], lr: 0.00600	Time 0.042 (0.045)	Data 0.004 (0.010)	Loss 1.6250 (1.7921)	Prec@1 20.312 (21.149)	
2022-09-17 14:23:09,743 INFO: Epoch: [2][80/97], lr: 0.00600	Time 0.066 (0.044)	Data 0.004 (0.009)	Loss 1.7782 (1.7784)	Prec@1 26.562 (21.345)	
2022-09-17 14:23:10,139 INFO: Epoch: [2][90/97], lr: 0.00600	Time 0.034 (0.043)	Data 0.003 (0.009)	Loss 1.5095 (1.7768)	Prec@1 23.438 (21.248)	
2022-09-17 14:23:10,726 INFO: Test: [0/100]	Time 0.240 (0.240)	Loss 1.7164 (1.7164)	Prec@1 44.000 (44.000)	Prec@5 87.000 (87.000)
2022-09-17 14:23:10,835 INFO: Test: [10/100]	Time 0.006 (0.032)	Loss 1.5271 (1.5808)	Prec@1 39.000 (43.000)	Prec@5 93.000 (89.545)
2022-09-17 14:23:10,905 INFO: Test: [20/100]	Time 0.007 (0.020)	Loss 1.6918 (1.6067)	Prec@1 36.000 (41.571)	Prec@5 91.000 (88.619)
2022-09-17 14:23:10,972 INFO: Test: [30/100]	Time 0.006 (0.016)	Loss 1.7591 (1.6111)	Prec@1 36.000 (41.677)	Prec@5 86.000 (88.452)
2022-09-17 14:23:11,043 INFO: Test: [40/100]	Time 0.008 (0.014)	Loss 1.5891 (1.6266)	Prec@1 41.000 (40.976)	Prec@5 92.000 (87.976)
2022-09-17 14:23:11,110 INFO: Test: [50/100]	Time 0.006 (0.012)	Loss 1.7899 (1.6333)	Prec@1 35.000 (40.569)	Prec@5 86.000 (87.922)
2022-09-17 14:23:11,176 INFO: Test: [60/100]	Time 0.006 (0.011)	Loss 1.4163 (1.6279)	Prec@1 54.000 (40.820)	Prec@5 95.000 (88.049)
2022-09-17 14:23:11,303 INFO: Test: [70/100]	Time 0.006 (0.012)	Loss 1.6655 (1.6224)	Prec@1 44.000 (41.197)	Prec@5 91.000 (88.099)
2022-09-17 14:23:11,372 INFO: Test: [80/100]	Time 0.008 (0.011)	Loss 1.5753 (1.6214)	Prec@1 41.000 (41.173)	Prec@5 88.000 (88.198)
2022-09-17 14:23:11,438 INFO: Test: [90/100]	Time 0.006 (0.010)	Loss 1.6894 (1.6199)	Prec@1 40.000 (41.077)	Prec@5 86.000 (88.253)
2022-09-17 14:23:11,558 INFO: val Results: Prec@1 41.310 Prec@5 88.190 Loss 1.61990
2022-09-17 14:23:11,558 INFO: val Class Accuracy: [0.312,0.681,0.354,0.035,0.000,0.635,0.568,0.549,0.510,0.487]
2022-09-17 14:23:11,559 INFO: Best Prec@1: 41.310

2022-09-17 14:23:12,010 INFO: Epoch: [3][0/97], lr: 0.00800	Time 0.439 (0.439)	Data 0.405 (0.405)	Loss 1.6497 (1.6497)	Prec@1 25.000 (25.000)	
2022-09-17 14:23:12,411 INFO: Epoch: [3][10/97], lr: 0.00800	Time 0.034 (0.076)	Data 0.001 (0.041)	Loss 2.1045 (1.6672)	Prec@1 21.094 (23.153)	
2022-09-17 14:23:12,783 INFO: Epoch: [3][20/97], lr: 0.00800	Time 0.056 (0.058)	Data 0.003 (0.023)	Loss 1.8683 (1.6802)	Prec@1 26.562 (22.879)	
2022-09-17 14:23:13,117 INFO: Epoch: [3][30/97], lr: 0.00800	Time 0.031 (0.050)	Data 0.004 (0.017)	Loss 1.7919 (1.7262)	Prec@1 17.969 (22.429)	
