2022-09-17 16:36:55,735 INFO: => creating model 
2022-09-17 16:36:59,160 INFO: cls num list:
2022-09-17 16:36:59,161 INFO: [450, 439, 429, 419, 410, 400, 391, 382, 373, 365, 357, 348, 340, 333, 325, 318, 310, 303, 296, 289, 283, 276, 270, 264, 258, 252, 246, 240, 235, 230, 224, 219, 214, 209, 204, 200, 195, 191, 186, 182, 178, 174, 170, 166, 162, 158, 155, 151, 148, 144, 141, 138, 135, 131, 128, 126, 123, 120, 117, 114, 112, 109, 107, 104, 102, 99, 97, 95, 93, 91, 89, 87, 85, 83, 81, 79, 77, 75, 74, 72, 70, 69, 67, 65, 64, 62, 61, 60, 58, 57, 56, 54, 53, 52, 51, 49, 48, 47, 46, 45, 44, 43, 42, 41, 40, 39, 38, 37, 36, 36, 35, 34, 33, 32, 32, 31, 30, 30, 29, 28, 28, 27, 26, 26, 25, 24, 24, 23, 23, 22, 22, 21, 21, 20, 20, 19, 19, 18, 18, 18, 17, 17, 16, 16, 16, 15, 15, 14, 14, 14, 13, 13, 13, 13, 12, 12, 12, 11, 11, 11, 11, 10, 10, 10, 10, 9, 9, 9, 9, 9, 8, 8, 8, 8, 8, 7, 7, 7, 7, 7, 6, 6, 6, 6, 6, 6, 6, 5, 5, 5, 5, 5, 5, 5, 5, 4, 4, 4, 4, 4]
2022-09-17 16:37:00,466 INFO: Epoch: [0][0/152], lr: 0.00200	Time 1.220 (1.220)	Data 0.813 (0.813)	Loss 9.0073 (9.0073)	Prec@1 0.000 (0.000)	
2022-09-17 16:37:01,961 INFO: Epoch: [0][10/152], lr: 0.00200	Time 0.162 (0.250)	Data 0.002 (0.086)	Loss 6.1692 (6.8626)	Prec@1 0.781 (0.639)	
2022-09-17 16:37:03,564 INFO: Epoch: [0][20/152], lr: 0.00200	Time 0.172 (0.205)	Data 0.004 (0.049)	Loss 5.6023 (6.3183)	Prec@1 2.344 (0.744)	
2022-09-17 16:37:04,917 INFO: Epoch: [0][30/152], lr: 0.00200	Time 0.153 (0.183)	Data 0.005 (0.038)	Loss 5.5202 (6.0464)	Prec@1 0.000 (0.731)	
2022-09-17 16:37:06,442 INFO: Epoch: [0][40/152], lr: 0.00200	Time 0.180 (0.176)	Data 0.005 (0.032)	Loss 5.4577 (5.8954)	Prec@1 0.000 (0.667)	
2022-09-17 16:37:07,977 INFO: Epoch: [0][50/152], lr: 0.00200	Time 0.159 (0.171)	Data 0.005 (0.028)	Loss 5.3754 (5.7873)	Prec@1 0.000 (0.613)	
2022-09-17 16:37:09,514 INFO: Epoch: [0][60/152], lr: 0.00200	Time 0.177 (0.169)	Data 0.006 (0.026)	Loss 5.2337 (5.7058)	Prec@1 0.000 (0.666)	
2022-09-17 16:37:11,040 INFO: Epoch: [0][70/152], lr: 0.00200	Time 0.160 (0.166)	Data 0.005 (0.024)	Loss 5.3218 (5.6483)	Prec@1 0.781 (0.660)	
2022-09-17 16:37:12,492 INFO: Epoch: [0][80/152], lr: 0.00200	Time 0.127 (0.164)	Data 0.005 (0.023)	Loss 5.2451 (5.5980)	Prec@1 1.562 (0.694)	
2022-09-17 16:37:14,151 INFO: Epoch: [0][90/152], lr: 0.00200	Time 0.159 (0.164)	Data 0.007 (0.022)	Loss 5.2937 (5.5587)	Prec@1 1.562 (0.738)	
2022-09-17 16:37:15,539 INFO: Epoch: [0][100/152], lr: 0.00200	Time 0.172 (0.161)	Data 0.005 (0.021)	Loss 5.1410 (5.5229)	Prec@1 0.781 (0.766)	
2022-09-17 16:37:17,073 INFO: Epoch: [0][110/152], lr: 0.00200	Time 0.153 (0.161)	Data 0.015 (0.020)	Loss 5.1853 (5.4953)	Prec@1 0.000 (0.774)	
2022-09-17 16:37:18,619 INFO: Epoch: [0][120/152], lr: 0.00200	Time 0.137 (0.160)	Data 0.005 (0.020)	Loss 5.1404 (5.4644)	Prec@1 0.781 (0.775)	
2022-09-17 16:37:20,153 INFO: Epoch: [0][130/152], lr: 0.00200	Time 0.136 (0.159)	Data 0.008 (0.020)	Loss 5.0030 (5.4385)	Prec@1 0.781 (0.757)	
2022-09-17 16:37:21,704 INFO: Epoch: [0][140/152], lr: 0.00200	Time 0.151 (0.159)	Data 0.005 (0.019)	Loss 5.1160 (5.4185)	Prec@1 0.000 (0.742)	
2022-09-17 16:37:23,215 INFO: Epoch: [0][150/152], lr: 0.00200	Time 0.154 (0.159)	Data 0.005 (0.019)	Loss 5.0903 (5.3967)	Prec@1 1.562 (0.745)	
2022-09-17 16:37:23,969 INFO: Test: [0/100]	Time 0.496 (0.496)	Loss 5.0933 (5.0933)	Prec@1 3.000 (3.000)	Prec@5 13.000 (13.000)
2022-09-17 16:37:24,239 INFO: Test: [10/100]	Time 0.034 (0.070)	Loss 5.4348 (5.2504)	Prec@1 1.000 (1.636)	Prec@5 4.000 (7.273)
2022-09-17 16:37:24,543 INFO: Test: [20/100]	Time 0.034 (0.051)	Loss 5.1742 (5.2275)	Prec@1 6.000 (2.190)	Prec@5 12.000 (8.476)
2022-09-17 16:37:24,846 INFO: Test: [30/100]	Time 0.030 (0.044)	Loss 5.3605 (5.2409)	Prec@1 2.000 (2.032)	Prec@5 7.000 (8.290)
2022-09-17 16:37:25,152 INFO: Test: [40/100]	Time 0.027 (0.041)	Loss 5.1485 (5.2518)	Prec@1 3.000 (2.122)	Prec@5 10.000 (7.927)
2022-09-17 16:37:25,462 INFO: Test: [50/100]	Time 0.026 (0.039)	Loss 5.2125 (5.2515)	Prec@1 0.000 (2.000)	Prec@5 8.000 (7.941)
2022-09-17 16:37:25,773 INFO: Test: [60/100]	Time 0.036 (0.038)	Loss 5.1677 (5.2544)	Prec@1 3.000 (1.951)	Prec@5 12.000 (7.885)
2022-09-17 16:37:26,070 INFO: Test: [70/100]	Time 0.030 (0.037)	Loss 5.1315 (5.2524)	Prec@1 3.000 (2.014)	Prec@5 9.000 (7.986)
2022-09-17 16:37:26,376 INFO: Test: [80/100]	Time 0.028 (0.036)	Loss 5.2960 (5.2500)	Prec@1 1.000 (2.037)	Prec@5 10.000 (8.074)
2022-09-17 16:37:26,684 INFO: Test: [90/100]	Time 0.029 (0.035)	Loss 5.3121 (5.2484)	Prec@1 2.000 (2.011)	Prec@5 12.000 (8.066)
2022-09-17 16:37:27,061 INFO: val Results: Prec@1 2.040 Prec@5 8.020 Loss 5.24760
2022-09-17 16:37:27,061 INFO: val Class Accuracy: [0.240,0.020,0.000,0.000,0.000,0.000,0.000,0.000,0.000,0.000,0.000,0.000,
 0.000,0.000,0.220,0.000,0.000,0.000,0.000,0.020,0.000,0.000,0.020,0.740,
 0.000,0.000,0.000,0.000,0.020,0.000,0.000,0.000,0.000,0.000,0.020,0.000,
 0.000,0.000,0.000,0.000,0.000,0.000,0.000,0.000,0.000,0.000,0.000,0.000,
 0.020,0.000,0.000,0.000,0.140,0.000,0.000,0.000,0.000,0.000,0.000,0.000,
 0.000,0.000,0.000,0.000,0.000,0.000,0.000,0.060,0.000,0.000,0.060,0.000,
 0.000,0.000,0.000,0.000,0.000,0.000,0.000,0.000,0.000,0.320,0.040,0.000,
 0.000,0.000,0.000,0.000,0.000,0.000,0.000,0.000,0.000,0.000,0.000,0.000,
 0.000,0.000,0.000,0.020,0.060,0.000,0.000,0.140,0.000,0.000,0.000,0.000,
 0.000,0.000,0.000,0.020,0.000,0.000,0.000,0.000,0.000,0.020,0.000,0.000,
 0.000,0.000,0.000,0.000,0.060,0.100,0.000,0.000,0.000,0.000,0.000,0.000,
 0.000,0.080,0.000,0.000,0.000,0.000,0.000,0.000,0.000,0.000,0.060,0.000,
 0.000,0.020,0.000,0.000,0.000,0.000,0.000,0.260,0.000,0.000,0.000,0.000,
 0.000,0.000,0.000,0.000,0.000,0.000,0.000,0.000,0.040,0.000,0.000,0.000,
 0.000,0.000,0.000,0.000,0.000,0.080,0.000,0.000,0.000,0.000,0.000,0.000,
 0.000,0.000,0.000,0.000,0.000,0.000,0.000,0.420,0.060,0.680,0.020,0.000,
 0.000,0.000,0.000,0.000,0.000,0.000,0.000,0.000]
2022-09-17 16:37:27,062 INFO: Best Prec@1: 2.040

2022-09-17 16:37:27,978 INFO: Epoch: [1][0/152], lr: 0.00400	Time 0.839 (0.839)	Data 0.759 (0.759)	Loss 5.1317 (5.1317)	Prec@1 0.781 (0.781)	
2022-09-17 16:37:29,501 INFO: Epoch: [1][10/152], lr: 0.00400	Time 0.175 (0.216)	Data 0.003 (0.080)	Loss 5.1526 (5.1157)	Prec@1 1.562 (1.065)	
2022-09-17 16:37:31,036 INFO: Epoch: [1][20/152], lr: 0.00400	Time 0.167 (0.185)	Data 0.005 (0.047)	Loss 5.2992 (5.1209)	Prec@1 1.562 (1.228)	
2022-09-17 16:37:32,562 INFO: Epoch: [1][30/152], lr: 0.00400	Time 0.176 (0.174)	Data 0.005 (0.036)	Loss 5.0029 (5.0955)	Prec@1 1.562 (1.033)	
2022-09-17 16:37:34,007 INFO: Epoch: [1][40/152], lr: 0.00400	Time 0.167 (0.167)	Data 0.005 (0.031)	Loss 4.9434 (5.0871)	Prec@1 1.562 (1.105)	
2022-09-17 16:37:35,536 INFO: Epoch: [1][50/152], lr: 0.00400	Time 0.170 (0.165)	Data 0.006 (0.027)	Loss 5.1574 (5.0802)	Prec@1 0.781 (1.042)	
2022-09-17 16:37:37,061 INFO: Epoch: [1][60/152], lr: 0.00400	Time 0.149 (0.162)	Data 0.006 (0.025)	Loss 5.1921 (5.0744)	Prec@1 0.000 (1.025)	
2022-09-17 16:37:38,592 INFO: Epoch: [1][70/152], lr: 0.00400	Time 0.156 (0.161)	Data 0.005 (0.023)	Loss 5.0444 (5.0688)	Prec@1 0.000 (1.001)	
2022-09-17 16:37:40,134 INFO: Epoch: [1][80/152], lr: 0.00400	Time 0.146 (0.160)	Data 0.006 (0.022)	Loss 4.9077 (5.0589)	Prec@1 0.781 (1.032)	
2022-09-17 16:37:41,657 INFO: Epoch: [1][90/152], lr: 0.00400	Time 0.136 (0.160)	Data 0.004 (0.021)	Loss 4.9138 (5.0471)	Prec@1 2.344 (1.125)	
2022-09-17 16:37:43,253 INFO: Epoch: [1][100/152], lr: 0.00400	Time 0.166 (0.159)	Data 0.005 (0.020)	Loss 4.7166 (5.0365)	Prec@1 3.125 (1.122)	
2022-09-17 16:37:44,661 INFO: Epoch: [1][110/152], lr: 0.00400	Time 0.132 (0.158)	Data 0.005 (0.020)	Loss 4.7086 (5.0178)	Prec@1 2.344 (1.140)	
2022-09-17 16:37:46,194 INFO: Epoch: [1][120/152], lr: 0.00400	Time 0.140 (0.157)	Data 0.007 (0.020)	Loss 4.7672 (5.0057)	Prec@1 2.344 (1.143)	
2022-09-17 16:37:47,732 INFO: Epoch: [1][130/152], lr: 0.00400	Time 0.151 (0.157)	Data 0.005 (0.019)	Loss 4.9617 (4.9923)	Prec@1 1.562 (1.145)	
2022-09-17 16:37:49,282 INFO: Epoch: [1][140/152], lr: 0.00400	Time 0.154 (0.157)	Data 0.004 (0.019)	Loss 4.7002 (4.9694)	Prec@1 1.562 (1.219)	
2022-09-17 16:37:50,823 INFO: Epoch: [1][150/152], lr: 0.00400	Time 0.158 (0.157)	Data 0.005 (0.018)	Loss 4.4855 (4.9521)	Prec@1 6.250 (1.247)	
2022-09-17 16:37:51,510 INFO: Test: [0/100]	Time 0.450 (0.450)	Loss 5.4438 (5.4438)	Prec@1 2.000 (2.000)	Prec@5 8.000 (8.000)
2022-09-17 16:37:51,854 INFO: Test: [10/100]	Time 0.032 (0.072)	Loss 5.4192 (5.2153)	Prec@1 3.000 (3.000)	Prec@5 15.000 (10.818)
2022-09-17 16:37:52,198 INFO: Test: [20/100]	Time 0.031 (0.054)	Loss 5.3728 (5.2368)	Prec@1 1.000 (2.762)	Prec@5 6.000 (9.810)
2022-09-17 16:37:52,528 INFO: Test: [30/100]	Time 0.035 (0.047)	Loss 5.2622 (5.2332)	Prec@1 4.000 (3.065)	Prec@5 9.000 (10.516)
2022-09-17 16:37:52,868 INFO: Test: [40/100]	Time 0.035 (0.044)	Loss 5.3058 (5.2335)	Prec@1 2.000 (3.122)	Prec@5 9.000 (10.634)
2022-09-17 16:37:53,201 INFO: Test: [50/100]	Time 0.021 (0.042)	Loss 5.1848 (5.2255)	Prec@1 1.000 (2.980)	Prec@5 4.000 (10.627)
2022-09-17 16:37:53,411 INFO: Test: [60/100]	Time 0.021 (0.039)	Loss 5.3602 (5.2186)	Prec@1 3.000 (3.016)	Prec@5 9.000 (10.672)
2022-09-17 16:37:53,706 INFO: Test: [70/100]	Time 0.025 (0.037)	Loss 5.1463 (5.2032)	Prec@1 2.000 (3.127)	Prec@5 7.000 (10.986)
2022-09-17 16:37:54,016 INFO: Test: [80/100]	Time 0.036 (0.037)	Loss 5.4689 (5.2010)	Prec@1 4.000 (3.247)	Prec@5 10.000 (11.000)
2022-09-17 16:37:54,315 INFO: Test: [90/100]	Time 0.031 (0.036)	Loss 5.0579 (5.1955)	Prec@1 3.000 (3.176)	Prec@5 13.000 (11.022)
2022-09-17 16:37:54,682 INFO: val Results: Prec@1 3.250 Prec@5 10.890 Loss 5.20031
2022-09-17 16:37:54,683 INFO: val Class Accuracy: [0.040,0.080,0.000,0.000,0.000,0.000,0.020,0.000,0.000,0.000,0.020,0.000,
 0.080,0.180,0.000,0.000,0.000,0.000,0.000,0.000,0.000,0.000,0.000,0.460,
 0.000,0.000,0.000,0.000,0.020,0.000,0.000,0.000,0.000,0.000,0.000,0.000,
 0.140,0.000,0.000,0.040,0.000,0.000,0.020,0.000,0.000,0.000,0.020,0.000,
 0.000,0.000,0.000,0.000,0.180,0.020,0.000,0.040,0.000,0.000,0.000,0.000,
 0.000,0.280,0.000,0.000,0.000,0.000,0.000,0.020,0.000,0.000,0.000,0.000,
 0.000,0.000,0.000,0.000,0.000,0.000,0.000,0.000,0.000,0.000,0.120,0.000,
 0.000,0.000,0.000,0.060,0.000,0.000,0.000,0.000,0.000,0.000,0.000,0.000,
 0.000,0.000,0.000,0.000,0.000,0.000,0.000,0.340,0.040,0.000,0.000,0.000,
 0.000,0.120,0.000,0.200,0.000,0.000,0.080,0.000,0.000,0.000,0.300,0.120,
 0.000,0.000,0.000,0.000,0.080,0.000,0.000,0.000,0.000,0.160,0.000,0.000,
 0.100,0.520,0.000,0.000,0.000,0.000,0.000,0.000,0.000,0.000,0.000,0.000,
 0.020,0.000,0.000,0.000,0.100,0.000,0.000,0.000,0.000,0.000,0.200,0.000,
 0.000,0.000,0.000,0.020,0.000,0.000,0.000,0.000,0.000,0.000,0.000,0.220,
 0.000,0.020,0.100,0.000,0.000,0.000,0.000,0.020,0.000,0.040,0.000,0.000,
 0.020,0.040,0.200,0.060,0.020,0.080,0.760,0.000,0.000,0.320,0.100,0.000,
 0.060,0.000,0.000,0.000,0.000,0.080,0.120,0.000]
2022-09-17 16:37:54,683 INFO: Best Prec@1: 3.250

2022-09-17 16:37:55,744 INFO: Epoch: [2][0/152], lr: 0.00600	Time 0.970 (0.970)	Data 0.907 (0.907)	Loss 5.1597 (5.1597)	Prec@1 0.781 (0.781)	
2022-09-17 16:37:57,282 INFO: Epoch: [2][10/152], lr: 0.00600	Time 0.152 (0.227)	Data 0.002 (0.094)	Loss 4.9111 (4.8334)	Prec@1 0.781 (1.562)	
2022-09-17 16:37:58,819 INFO: Epoch: [2][20/152], lr: 0.00600	Time 0.153 (0.192)	Data 0.005 (0.056)	Loss 4.4988 (4.8322)	Prec@1 3.906 (1.600)	
2022-09-17 16:38:00,347 INFO: Epoch: [2][30/152], lr: 0.00600	Time 0.122 (0.180)	Data 0.005 (0.042)	Loss 4.5492 (4.8359)	Prec@1 1.562 (1.562)	
