2021-12-28 15:43:00,804 INFO: => creating model 
2021-12-28 15:43:11,159 INFO: cls num list:
2021-12-28 15:43:11,160 INFO: [5000, 2997, 1796, 1077, 645, 387, 232, 139, 83, 50]
2021-12-28 15:43:12,269 INFO: Epoch: [0][0/97], lr: 0.00200	Time 1.098 (1.098)	Data 0.818 (0.818)	Loss 6.2163 (6.2163)	Prec@1 8.594 (8.594)	
2021-12-28 15:43:12,686 INFO: Epoch: [0][10/97], lr: 0.00200	Time 0.032 (0.137)	Data 0.002 (0.077)	Loss 3.6243 (3.4318)	Prec@1 10.938 (14.134)	
2021-12-28 15:43:13,022 INFO: Epoch: [0][20/97], lr: 0.00200	Time 0.033 (0.088)	Data 0.002 (0.041)	Loss 2.1254 (3.0649)	Prec@1 14.844 (16.183)	
2021-12-28 15:43:13,421 INFO: Epoch: [0][30/97], lr: 0.00200	Time 0.044 (0.073)	Data 0.003 (0.029)	Loss 2.0134 (2.8543)	Prec@1 31.250 (16.835)	
2021-12-28 15:43:13,903 INFO: Epoch: [0][40/97], lr: 0.00200	Time 0.044 (0.067)	Data 0.003 (0.023)	Loss 1.7939 (2.6678)	Prec@1 25.000 (17.092)	
2021-12-28 15:43:14,356 INFO: Epoch: [0][50/97], lr: 0.00200	Time 0.031 (0.062)	Data 0.002 (0.019)	Loss 2.3001 (2.5679)	Prec@1 13.281 (17.387)	
2021-12-28 15:43:14,727 INFO: Epoch: [0][60/97], lr: 0.00200	Time 0.040 (0.058)	Data 0.002 (0.017)	Loss 2.1041 (2.5084)	Prec@1 23.438 (17.303)	
2021-12-28 15:43:15,099 INFO: Epoch: [0][70/97], lr: 0.00200	Time 0.031 (0.055)	Data 0.002 (0.015)	Loss 2.1855 (2.4554)	Prec@1 17.188 (17.837)	
2021-12-28 15:43:15,497 INFO: Epoch: [0][80/97], lr: 0.00200	Time 0.057 (0.053)	Data 0.001 (0.013)	Loss 2.3789 (2.4145)	Prec@1 12.500 (17.978)	
2021-12-28 15:43:15,845 INFO: Epoch: [0][90/97], lr: 0.00200	Time 0.035 (0.051)	Data 0.002 (0.012)	Loss 2.4241 (2.3938)	Prec@1 18.750 (18.166)	
2021-12-28 15:43:16,584 INFO: Test: [0/100]	Time 0.436 (0.436)	Loss 2.2991 (2.2991)	Prec@1 16.000 (16.000)	Prec@5 50.000 (50.000)
2021-12-28 15:43:16,675 INFO: Test: [10/100]	Time 0.008 (0.048)	Loss 2.2248 (2.2681)	Prec@1 20.000 (18.818)	Prec@5 58.000 (53.364)
2021-12-28 15:43:16,780 INFO: Test: [20/100]	Time 0.007 (0.030)	Loss 2.1974 (2.2633)	Prec@1 25.000 (18.952)	Prec@5 60.000 (54.143)
2021-12-28 15:43:16,898 INFO: Test: [30/100]	Time 0.019 (0.024)	Loss 2.1375 (2.2560)	Prec@1 28.000 (19.258)	Prec@5 64.000 (54.516)
2021-12-28 15:43:17,012 INFO: Test: [40/100]	Time 0.007 (0.021)	Loss 2.2882 (2.2595)	Prec@1 17.000 (19.146)	Prec@5 59.000 (54.366)
2021-12-28 15:43:17,081 INFO: Test: [50/100]	Time 0.007 (0.018)	Loss 2.2795 (2.2600)	Prec@1 21.000 (19.294)	Prec@5 50.000 (54.059)
2021-12-28 15:43:17,182 INFO: Test: [60/100]	Time 0.007 (0.017)	Loss 2.1730 (2.2608)	Prec@1 22.000 (19.197)	Prec@5 59.000 (54.098)
2021-12-28 15:43:17,253 INFO: Test: [70/100]	Time 0.008 (0.016)	Loss 2.2588 (2.2615)	Prec@1 19.000 (19.127)	Prec@5 53.000 (53.901)
2021-12-28 15:43:17,327 INFO: Test: [80/100]	Time 0.006 (0.015)	Loss 2.2428 (2.2644)	Prec@1 21.000 (19.025)	Prec@5 51.000 (53.580)
2021-12-28 15:43:17,392 INFO: Test: [90/100]	Time 0.006 (0.014)	Loss 2.1949 (2.2593)	Prec@1 22.000 (19.418)	Prec@5 58.000 (53.747)
2021-12-28 15:43:17,546 INFO: val Results: Prec@1 19.610 Prec@5 53.740 Loss 2.25693
2021-12-28 15:43:17,546 INFO: val Class Accuracy: [0.742,0.579,0.640,0.000,0.000,0.000,0.000,0.000,0.000,0.000]
2021-12-28 15:43:17,547 INFO: Best Prec@1: 19.610

2021-12-28 15:43:18,261 INFO: Epoch: [1][0/97], lr: 0.00400	Time 0.701 (0.701)	Data 0.668 (0.668)	Loss 2.0654 (2.0654)	Prec@1 21.875 (21.875)	
2021-12-28 15:43:18,612 INFO: Epoch: [1][10/97], lr: 0.00400	Time 0.045 (0.096)	Data 0.004 (0.063)	Loss 2.1590 (2.1822)	Prec@1 14.062 (16.690)	
2021-12-28 15:43:18,975 INFO: Epoch: [1][20/97], lr: 0.00400	Time 0.033 (0.067)	Data 0.002 (0.034)	Loss 2.1936 (2.1589)	Prec@1 19.531 (17.708)	
2021-12-28 15:43:19,340 INFO: Epoch: [1][30/97], lr: 0.00400	Time 0.027 (0.057)	Data 0.002 (0.024)	Loss 1.9965 (2.1480)	Prec@1 23.438 (17.465)	
2021-12-28 15:43:19,667 INFO: Epoch: [1][40/97], lr: 0.00400	Time 0.032 (0.051)	Data 0.002 (0.019)	Loss 2.1320 (2.1358)	Prec@1 18.750 (17.702)	
2021-12-28 15:43:20,053 INFO: Epoch: [1][50/97], lr: 0.00400	Time 0.036 (0.049)	Data 0.005 (0.016)	Loss 2.1999 (2.1124)	Prec@1 16.406 (18.811)	
2021-12-28 15:43:20,434 INFO: Epoch: [1][60/97], lr: 0.00400	Time 0.046 (0.047)	Data 0.003 (0.014)	Loss 2.1184 (2.1167)	Prec@1 14.062 (18.904)	
2021-12-28 15:43:20,843 INFO: Epoch: [1][70/97], lr: 0.00400	Time 0.041 (0.046)	Data 0.002 (0.012)	Loss 1.9712 (2.1128)	Prec@1 21.875 (18.981)	
2021-12-28 15:43:21,236 INFO: Epoch: [1][80/97], lr: 0.00400	Time 0.034 (0.045)	Data 0.002 (0.011)	Loss 2.2097 (2.1149)	Prec@1 12.500 (18.827)	
2021-12-28 15:43:21,601 INFO: Epoch: [1][90/97], lr: 0.00400	Time 0.032 (0.044)	Data 0.002 (0.010)	Loss 1.8753 (2.1022)	Prec@1 24.219 (19.102)	
2021-12-28 15:43:22,318 INFO: Test: [0/100]	Time 0.372 (0.372)	Loss 2.2400 (2.2400)	Prec@1 21.000 (21.000)	Prec@5 65.000 (65.000)
2021-12-28 15:43:22,408 INFO: Test: [10/100]	Time 0.006 (0.042)	Loss 2.2342 (2.2076)	Prec@1 24.000 (22.909)	Prec@5 64.000 (61.636)
2021-12-28 15:43:22,483 INFO: Test: [20/100]	Time 0.007 (0.026)	Loss 2.2157 (2.2128)	Prec@1 17.000 (22.286)	Prec@5 65.000 (62.571)
2021-12-28 15:43:22,557 INFO: Test: [30/100]	Time 0.008 (0.020)	Loss 2.1280 (2.1958)	Prec@1 27.000 (23.065)	Prec@5 66.000 (63.645)
2021-12-28 15:43:22,630 INFO: Test: [40/100]	Time 0.007 (0.017)	Loss 2.2411 (2.2004)	Prec@1 25.000 (22.854)	Prec@5 59.000 (63.000)
2021-12-28 15:43:22,705 INFO: Test: [50/100]	Time 0.009 (0.015)	Loss 2.2949 (2.2021)	Prec@1 19.000 (22.549)	Prec@5 57.000 (63.098)
2021-12-28 15:43:22,776 INFO: Test: [60/100]	Time 0.006 (0.014)	Loss 2.2342 (2.2017)	Prec@1 23.000 (22.443)	Prec@5 58.000 (63.180)
2021-12-28 15:43:22,870 INFO: Test: [70/100]	Time 0.007 (0.013)	Loss 2.2051 (2.2004)	Prec@1 23.000 (22.437)	Prec@5 67.000 (63.366)
2021-12-28 15:43:22,965 INFO: Test: [80/100]	Time 0.011 (0.013)	Loss 2.1531 (2.2004)	Prec@1 24.000 (22.568)	Prec@5 58.000 (63.321)
2021-12-28 15:43:23,046 INFO: Test: [90/100]	Time 0.006 (0.012)	Loss 2.1764 (2.2019)	Prec@1 25.000 (22.495)	Prec@5 68.000 (63.132)
2021-12-28 15:43:23,188 INFO: val Results: Prec@1 22.550 Prec@5 63.100 Loss 2.20215
2021-12-28 15:43:23,188 INFO: val Class Accuracy: [0.737,0.747,0.771,0.000,0.000,0.000,0.000,0.000,0.000,0.000]
2021-12-28 15:43:23,188 INFO: Best Prec@1: 22.550

2021-12-28 15:43:23,903 INFO: Epoch: [2][0/97], lr: 0.00600	Time 0.710 (0.710)	Data 0.654 (0.654)	Loss 2.0130 (2.0130)	Prec@1 24.219 (24.219)	
2021-12-28 15:43:24,262 INFO: Epoch: [2][10/97], lr: 0.00600	Time 0.030 (0.097)	Data 0.001 (0.061)	Loss 2.1594 (2.0076)	Prec@1 21.094 (24.006)	
2021-12-28 15:43:24,652 INFO: Epoch: [2][20/97], lr: 0.00600	Time 0.037 (0.069)	Data 0.006 (0.033)	Loss 2.1589 (2.1166)	Prec@1 15.625 (20.871)	
2021-12-28 15:43:25,057 INFO: Epoch: [2][30/97], lr: 0.00600	Time 0.033 (0.060)	Data 0.002 (0.024)	Loss 2.0086 (2.1058)	Prec@1 19.531 (19.405)	
2021-12-28 15:43:25,430 INFO: Epoch: [2][40/97], lr: 0.00600	Time 0.029 (0.054)	Data 0.003 (0.019)	Loss 2.0853 (2.1131)	Prec@1 18.750 (18.883)	
2021-12-28 15:43:25,816 INFO: Epoch: [2][50/97], lr: 0.00600	Time 0.038 (0.051)	Data 0.002 (0.016)	Loss 1.6269 (2.0730)	Prec@1 35.156 (20.006)	
2021-12-28 15:43:26,181 INFO: Epoch: [2][60/97], lr: 0.00600	Time 0.038 (0.049)	Data 0.002 (0.014)	Loss 2.2117 (2.0767)	Prec@1 14.062 (19.877)	
2021-12-28 15:43:26,568 INFO: Epoch: [2][70/97], lr: 0.00600	Time 0.034 (0.047)	Data 0.002 (0.012)	Loss 1.8606 (2.0704)	Prec@1 32.812 (19.982)	
2021-12-28 15:43:26,955 INFO: Epoch: [2][80/97], lr: 0.00600	Time 0.035 (0.046)	Data 0.003 (0.011)	Loss 2.0596 (2.0618)	Prec@1 13.281 (20.177)	
2021-12-28 15:43:27,327 INFO: Epoch: [2][90/97], lr: 0.00600	Time 0.033 (0.045)	Data 0.002 (0.010)	Loss 2.5611 (2.0550)	Prec@1 16.406 (20.270)	
2021-12-28 15:43:28,010 INFO: Test: [0/100]	Time 0.348 (0.348)	Loss 2.2320 (2.2320)	Prec@1 19.000 (19.000)	Prec@5 62.000 (62.000)
2021-12-28 15:43:28,147 INFO: Test: [10/100]	Time 0.008 (0.044)	Loss 2.2033 (2.1781)	Prec@1 21.000 (23.364)	Prec@5 63.000 (65.455)
2021-12-28 15:43:28,245 INFO: Test: [20/100]	Time 0.009 (0.028)	Loss 2.1630 (2.1849)	Prec@1 25.000 (22.714)	Prec@5 69.000 (66.143)
2021-12-28 15:43:28,354 INFO: Test: [30/100]	Time 0.011 (0.022)	Loss 2.1718 (2.1860)	Prec@1 21.000 (21.806)	Prec@5 68.000 (66.806)
2021-12-28 15:43:28,475 INFO: Test: [40/100]	Time 0.007 (0.020)	Loss 2.2002 (2.1861)	Prec@1 23.000 (21.610)	Prec@5 62.000 (67.098)
2021-12-28 15:43:28,606 INFO: Test: [50/100]	Time 0.020 (0.019)	Loss 2.1461 (2.1929)	Prec@1 24.000 (20.902)	Prec@5 67.000 (67.137)
2021-12-28 15:43:28,749 INFO: Test: [60/100]	Time 0.011 (0.018)	Loss 2.1131 (2.1853)	Prec@1 27.000 (21.164)	Prec@5 76.000 (67.770)
2021-12-28 15:43:28,877 INFO: Test: [70/100]	Time 0.014 (0.017)	Loss 2.1445 (2.1809)	Prec@1 22.000 (21.507)	Prec@5 75.000 (68.000)
2021-12-28 15:43:29,000 INFO: Test: [80/100]	Time 0.010 (0.017)	Loss 2.1916 (2.1811)	Prec@1 21.000 (21.494)	Prec@5 67.000 (68.062)
2021-12-28 15:43:29,080 INFO: Test: [90/100]	Time 0.012 (0.016)	Loss 2.2078 (2.1829)	Prec@1 23.000 (21.385)	Prec@5 65.000 (68.132)
2021-12-28 15:43:29,281 INFO: val Results: Prec@1 21.290 Prec@5 68.110 Loss 2.18358
2021-12-28 15:43:29,281 INFO: val Class Accuracy: [0.779,0.567,0.783,0.000,0.000,0.000,0.000,0.000,0.000,0.000]
2021-12-28 15:43:29,281 INFO: Best Prec@1: 22.550

2021-12-28 15:43:30,020 INFO: Epoch: [3][0/97], lr: 0.00800	Time 0.732 (0.732)	Data 0.677 (0.677)	Loss 2.0418 (2.0418)	Prec@1 21.094 (21.094)	
2021-12-28 15:43:30,419 INFO: Epoch: [3][10/97], lr: 0.00800	Time 0.030 (0.102)	Data 0.002 (0.064)	Loss 1.8363 (1.9096)	Prec@1 27.344 (24.787)	
2021-12-28 15:43:30,816 INFO: Epoch: [3][20/97], lr: 0.00800	Time 0.035 (0.073)	Data 0.002 (0.035)	Loss 2.0176 (1.9235)	Prec@1 21.094 (23.884)	
2021-12-28 15:43:31,176 INFO: Epoch: [3][30/97], lr: 0.00800	Time 0.032 (0.061)	Data 0.003 (0.024)	Loss 2.1822 (1.9727)	Prec@1 17.969 (23.438)	
2021-12-28 15:43:31,540 INFO: Epoch: [3][40/97], lr: 0.00800	Time 0.032 (0.055)	Data 0.002 (0.019)	Loss 1.9567 (1.9784)	Prec@1 23.438 (22.313)	
2021-12-28 15:43:31,906 INFO: Epoch: [3][50/97], lr: 0.00800	Time 0.036 (0.051)	Data 0.004 (0.016)	Loss 2.0553 (2.0091)	Prec@1 24.219 (21.446)	
2021-12-28 15:43:32,292 INFO: Epoch: [3][60/97], lr: 0.00800	Time 0.036 (0.049)	Data 0.002 (0.014)	Loss 1.9523 (2.0372)	Prec@1 30.469 (21.107)	
2021-12-28 15:43:32,661 INFO: Epoch: [3][70/97], lr: 0.00800	Time 0.032 (0.047)	Data 0.002 (0.012)	Loss 2.1115 (2.0416)	Prec@1 17.188 (21.215)	
2021-12-28 15:43:33,036 INFO: Epoch: [3][80/97], lr: 0.00800	Time 0.035 (0.046)	Data 0.002 (0.011)	Loss 2.1250 (2.0494)	Prec@1 14.062 (20.901)	
2021-12-28 15:43:33,380 INFO: Epoch: [3][90/97], lr: 0.00800	Time 0.032 (0.045)	Data 0.001 (0.010)	Loss 1.7656 (2.0454)	Prec@1 31.250 (20.828)	
2021-12-28 15:43:34,131 INFO: Test: [0/100]	Time 0.407 (0.407)	Loss 2.2135 (2.2135)	Prec@1 18.000 (18.000)	Prec@5 67.000 (67.000)
2021-12-28 15:43:34,239 INFO: Test: [10/100]	Time 0.009 (0.047)	Loss 2.2770 (2.2221)	Prec@1 23.000 (22.091)	Prec@5 63.000 (67.364)
2021-12-28 15:43:34,338 INFO: Test: [20/100]	Time 0.010 (0.029)	Loss 2.1529 (2.2132)	Prec@1 26.000 (22.381)	Prec@5 71.000 (68.048)
2021-12-28 15:43:34,419 INFO: Test: [30/100]	Time 0.006 (0.022)	Loss 2.1400 (2.1964)	Prec@1 27.000 (23.032)	Prec@5 68.000 (67.484)
2021-12-28 15:43:34,487 INFO: Test: [40/100]	Time 0.007 (0.019)	Loss 2.1137 (2.1860)	Prec@1 25.000 (23.268)	Prec@5 70.000 (68.073)
2021-12-28 15:43:34,554 INFO: Test: [50/100]	Time 0.007 (0.016)	Loss 2.2275 (2.1790)	Prec@1 23.000 (23.980)	Prec@5 65.000 (68.039)
2021-12-28 15:43:34,622 INFO: Test: [60/100]	Time 0.006 (0.015)	Loss 2.1312 (2.1719)	Prec@1 27.000 (24.262)	Prec@5 66.000 (68.295)
2021-12-28 15:43:34,691 INFO: Test: [70/100]	Time 0.007 (0.014)	Loss 2.2746 (2.1811)	Prec@1 22.000 (23.972)	Prec@5 70.000 (68.099)
2021-12-28 15:43:34,758 INFO: Test: [80/100]	Time 0.006 (0.013)	Loss 2.1695 (2.1821)	Prec@1 22.000 (23.852)	Prec@5 70.000 (68.012)
2021-12-28 15:43:34,823 INFO: Test: [90/100]	Time 0.006 (0.012)	Loss 2.2151 (2.1853)	Prec@1 23.000 (23.769)	Prec@5 61.000 (67.692)
2021-12-28 15:43:34,950 INFO: val Results: Prec@1 23.810 Prec@5 67.660 Loss 2.18645
2021-12-28 15:43:34,950 INFO: val Class Accuracy: [0.766,0.897,0.703,0.015,0.000,0.000,0.000,0.000,0.000,0.000]
2021-12-28 15:43:34,951 INFO: Best Prec@1: 23.810

2021-12-28 15:43:35,599 INFO: Epoch: [4][0/97], lr: 0.01000	Time 0.644 (0.644)	Data 0.586 (0.586)	Loss 2.1174 (2.1174)	Prec@1 14.062 (14.062)	
2021-12-28 15:43:36,004 INFO: Epoch: [4][10/97], lr: 0.01000	Time 0.036 (0.095)	Data 0.001 (0.057)	Loss 1.9930 (2.0787)	Prec@1 17.969 (19.176)	
2021-12-28 15:43:36,351 INFO: Epoch: [4][20/97], lr: 0.01000	Time 0.037 (0.066)	Data 0.003 (0.031)	Loss 2.0365 (2.0209)	Prec@1 21.875 (21.094)	
2021-12-28 15:43:36,694 INFO: Epoch: [4][30/97], lr: 0.01000	Time 0.040 (0.056)	Data 0.003 (0.022)	Loss 2.0715 (2.0364)	Prec@1 18.750 (21.043)	
2021-12-28 15:43:37,078 INFO: Epoch: [4][40/97], lr: 0.01000	Time 0.034 (0.052)	Data 0.003 (0.018)	Loss 2.1076 (2.0475)	Prec@1 15.625 (20.255)	
2021-12-28 15:43:37,448 INFO: Epoch: [4][50/97], lr: 0.01000	Time 0.031 (0.049)	Data 0.002 (0.015)	Loss 1.7778 (2.0455)	Prec@1 28.125 (20.267)	
2021-12-28 15:43:37,829 INFO: Epoch: [4][60/97], lr: 0.01000	Time 0.032 (0.047)	Data 0.002 (0.013)	Loss 2.0127 (2.0379)	Prec@1 16.406 (20.351)	
2021-12-28 15:43:38,211 INFO: Epoch: [4][70/97], lr: 0.01000	Time 0.057 (0.046)	Data 0.005 (0.012)	Loss 1.9136 (2.0275)	Prec@1 21.094 (20.797)	
2021-12-28 15:43:38,558 INFO: Epoch: [4][80/97], lr: 0.01000	Time 0.038 (0.044)	Data 0.003 (0.011)	Loss 1.8430 (2.0315)	Prec@1 25.000 (20.611)	
2021-12-28 15:43:38,962 INFO: Epoch: [4][90/97], lr: 0.01000	Time 0.032 (0.044)	Data 0.002 (0.010)	Loss 2.0893 (2.0264)	Prec@1 22.656 (20.536)	
2021-12-28 15:43:39,836 INFO: Test: [0/100]	Time 0.536 (0.536)	Loss 2.1159 (2.1159)	Prec@1 21.000 (21.000)	Prec@5 80.000 (80.000)
2021-12-28 15:43:39,939 INFO: Test: [10/100]	Time 0.011 (0.058)	Loss 2.0935 (2.0547)	Prec@1 27.000 (26.273)	Prec@5 81.000 (79.455)
2021-12-28 15:43:40,067 INFO: Test: [20/100]	Time 0.014 (0.036)	Loss 2.1540 (2.0641)	Prec@1 21.000 (26.048)	Prec@5 78.000 (78.714)
2021-12-28 15:43:40,152 INFO: Test: [30/100]	Time 0.008 (0.027)	Loss 2.1641 (2.0571)	Prec@1 22.000 (26.452)	Prec@5 72.000 (77.742)
2021-12-28 15:43:40,242 INFO: Test: [40/100]	Time 0.007 (0.023)	Loss 2.1181 (2.0623)	Prec@1 21.000 (26.073)	Prec@5 77.000 (77.390)
2021-12-28 15:43:40,375 INFO: Test: [50/100]	Time 0.007 (0.021)	Loss 2.1107 (2.0719)	Prec@1 24.000 (25.863)	Prec@5 74.000 (76.745)
2021-12-28 15:43:40,491 INFO: Test: [60/100]	Time 0.007 (0.020)	Loss 2.1145 (2.0736)	Prec@1 22.000 (25.770)	Prec@5 79.000 (77.148)
2021-12-28 15:43:40,578 INFO: Test: [70/100]	Time 0.010 (0.018)	Loss 2.0171 (2.0727)	Prec@1 27.000 (25.761)	Prec@5 81.000 (77.437)
2021-12-28 15:43:40,695 INFO: Test: [80/100]	Time 0.024 (0.017)	Loss 2.0660 (2.0672)	Prec@1 26.000 (26.049)	Prec@5 75.000 (77.580)
2021-12-28 15:43:40,812 INFO: Test: [90/100]	Time 0.008 (0.017)	Loss 2.0728 (2.0637)	Prec@1 26.000 (26.198)	Prec@5 82.000 (77.791)
2021-12-28 15:43:40,996 INFO: val Results: Prec@1 26.220 Prec@5 77.960 Loss 2.06472
2021-12-28 15:43:40,996 INFO: val Class Accuracy: [0.833,0.873,0.628,0.288,0.000,0.000,0.000,0.000,0.000,0.000]
2021-12-28 15:43:40,996 INFO: Best Prec@1: 26.220

2021-12-28 15:43:42,324 INFO: Epoch: [5][0/97], lr: 0.01000	Time 1.316 (1.316)	Data 1.283 (1.283)	Loss 2.0978 (2.0978)	Prec@1 17.969 (17.969)	
2021-12-28 15:43:42,715 INFO: Epoch: [5][10/97], lr: 0.01000	Time 0.031 (0.155)	Data 0.002 (0.120)	Loss 2.3129 (2.0761)	Prec@1 18.750 (18.111)	
2021-12-28 15:43:43,059 INFO: Epoch: [5][20/97], lr: 0.01000	Time 0.038 (0.098)	Data 0.002 (0.064)	Loss 2.0365 (2.0554)	Prec@1 18.750 (19.643)	
2021-12-28 15:43:43,459 INFO: Epoch: [5][30/97], lr: 0.01000	Time 0.040 (0.079)	Data 0.003 (0.044)	Loss 2.1264 (2.0458)	Prec@1 18.750 (20.010)	
2021-12-28 15:43:43,836 INFO: Epoch: [5][40/97], lr: 0.01000	Time 0.034 (0.069)	Data 0.002 (0.034)	Loss 2.1824 (2.0225)	Prec@1 17.969 (20.332)	
2021-12-28 15:43:44,240 INFO: Epoch: [5][50/97], lr: 0.01000	Time 0.043 (0.063)	Data 0.006 (0.028)	Loss 1.7629 (2.0120)	Prec@1 21.094 (20.190)	
2021-12-28 15:43:44,635 INFO: Epoch: [5][60/97], lr: 0.01000	Time 0.040 (0.060)	Data 0.003 (0.024)	Loss 2.0875 (2.0012)	Prec@1 15.625 (20.248)	
2021-12-28 15:43:45,016 INFO: Epoch: [5][70/97], lr: 0.01000	Time 0.039 (0.056)	Data 0.002 (0.021)	Loss 2.2251 (1.9989)	Prec@1 14.062 (20.456)	
2021-12-28 15:43:45,411 INFO: Epoch: [5][80/97], lr: 0.01000	Time 0.039 (0.054)	Data 0.003 (0.019)	Loss 2.1384 (1.9852)	Prec@1 16.406 (21.248)	
2021-12-28 15:43:45,839 INFO: Epoch: [5][90/97], lr: 0.01000	Time 0.043 (0.053)	Data 0.002 (0.017)	Loss 2.0468 (1.9970)	Prec@1 16.406 (20.974)	
